<?xml version="1.0" encoding="UTF-8"?>
<testsuite xmlns:xsi="http://www.w3.org/2001/XMLSchema-instance" xsi:noNamespaceSchemaLocation="https://maven.apache.org/surefire/maven-surefire-plugin/xsd/surefire-test-report.xsd" name="com.devguy.shematoclassdefintion.ShemaToClassdefintionApplicationTests" time="1.753" tests="1" errors="0" skipped="0" failures="0">
  <properties>
    <property name="java.specification.version" value="17"/>
    <property name="sun.jnu.encoding" value="UTF-8"/>
    <property name="java.class.path" value="/home/codi/Entwicklung/schema-to-pojo-spring-boot-docker/target/test-classes:/home/codi/Entwicklung/schema-to-pojo-spring-boot-docker/target/classes:/home/codi/.m2/repository/org/springframework/boot/spring-boot-starter-web/3.0.11/spring-boot-starter-web-3.0.11.jar:/home/codi/.m2/repository/org/springframework/boot/spring-boot-starter/3.0.11/spring-boot-starter-3.0.11.jar:/home/codi/.m2/repository/org/springframework/boot/spring-boot/3.0.11/spring-boot-3.0.11.jar:/home/codi/.m2/repository/org/springframework/boot/spring-boot-autoconfigure/3.0.11/spring-boot-autoconfigure-3.0.11.jar:/home/codi/.m2/repository/org/springframework/boot/spring-boot-starter-logging/3.0.11/spring-boot-starter-logging-3.0.11.jar:/home/codi/.m2/repository/ch/qos/logback/logback-classic/1.4.11/logback-classic-1.4.11.jar:/home/codi/.m2/repository/ch/qos/logback/logback-core/1.4.11/logback-core-1.4.11.jar:/home/codi/.m2/repository/org/apache/logging/log4j/log4j-to-slf4j/2.19.0/log4j-to-slf4j-2.19.0.jar:/home/codi/.m2/repository/org/apache/logging/log4j/log4j-api/2.19.0/log4j-api-2.19.0.jar:/home/codi/.m2/repository/org/slf4j/jul-to-slf4j/2.0.9/jul-to-slf4j-2.0.9.jar:/home/codi/.m2/repository/jakarta/annotation/jakarta.annotation-api/2.1.1/jakarta.annotation-api-2.1.1.jar:/home/codi/.m2/repository/org/yaml/snakeyaml/1.33/snakeyaml-1.33.jar:/home/codi/.m2/repository/org/springframework/boot/spring-boot-starter-json/3.0.11/spring-boot-starter-json-3.0.11.jar:/home/codi/.m2/repository/com/fasterxml/jackson/datatype/jackson-datatype-jdk8/2.14.3/jackson-datatype-jdk8-2.14.3.jar:/home/codi/.m2/repository/com/fasterxml/jackson/datatype/jackson-datatype-jsr310/2.14.3/jackson-datatype-jsr310-2.14.3.jar:/home/codi/.m2/repository/com/fasterxml/jackson/module/jackson-module-parameter-names/2.14.3/jackson-module-parameter-names-2.14.3.jar:/home/codi/.m2/repository/org/springframework/boot/spring-boot-starter-tomcat/3.0.11/spring-boot-starter-tomcat-3.0.11.jar:/home/codi/.m2/repository/org/apache/tomcat/embed/tomcat-embed-core/10.1.13/tomcat-embed-core-10.1.13.jar:/home/codi/.m2/repository/org/apache/tomcat/embed/tomcat-embed-el/10.1.13/tomcat-embed-el-10.1.13.jar:/home/codi/.m2/repository/org/apache/tomcat/embed/tomcat-embed-websocket/10.1.13/tomcat-embed-websocket-10.1.13.jar:/home/codi/.m2/repository/org/springframework/spring-web/6.0.12/spring-web-6.0.12.jar:/home/codi/.m2/repository/io/micrometer/micrometer-observation/1.10.11/micrometer-observation-1.10.11.jar:/home/codi/.m2/repository/io/micrometer/micrometer-commons/1.10.11/micrometer-commons-1.10.11.jar:/home/codi/.m2/repository/org/springframework/spring-webmvc/6.0.12/spring-webmvc-6.0.12.jar:/home/codi/.m2/repository/org/springframework/spring-expression/6.0.12/spring-expression-6.0.12.jar:/home/codi/.m2/repository/org/springframework/boot/spring-boot-starter-test/3.0.11/spring-boot-starter-test-3.0.11.jar:/home/codi/.m2/repository/org/springframework/boot/spring-boot-test/3.0.11/spring-boot-test-3.0.11.jar:/home/codi/.m2/repository/org/springframework/boot/spring-boot-test-autoconfigure/3.0.11/spring-boot-test-autoconfigure-3.0.11.jar:/home/codi/.m2/repository/com/jayway/jsonpath/json-path/2.7.0/json-path-2.7.0.jar:/home/codi/.m2/repository/net/minidev/json-smart/2.4.11/json-smart-2.4.11.jar:/home/codi/.m2/repository/net/minidev/accessors-smart/2.4.11/accessors-smart-2.4.11.jar:/home/codi/.m2/repository/org/ow2/asm/asm/9.3/asm-9.3.jar:/home/codi/.m2/repository/jakarta/xml/bind/jakarta.xml.bind-api/4.0.1/jakarta.xml.bind-api-4.0.1.jar:/home/codi/.m2/repository/jakarta/activation/jakarta.activation-api/2.1.2/jakarta.activation-api-2.1.2.jar:/home/codi/.m2/repository/org/assertj/assertj-core/3.23.1/assertj-core-3.23.1.jar:/home/codi/.m2/repository/net/bytebuddy/byte-buddy/1.12.23/byte-buddy-1.12.23.jar:/home/codi/.m2/repository/org/hamcrest/hamcrest/2.2/hamcrest-2.2.jar:/home/codi/.m2/repository/org/junit/jupiter/junit-jupiter/5.9.3/junit-jupiter-5.9.3.jar:/home/codi/.m2/repository/org/junit/jupiter/junit-jupiter-api/5.9.3/junit-jupiter-api-5.9.3.jar:/home/codi/.m2/repository/org/opentest4j/opentest4j/1.2.0/opentest4j-1.2.0.jar:/home/codi/.m2/repository/org/junit/platform/junit-platform-commons/1.9.3/junit-platform-commons-1.9.3.jar:/home/codi/.m2/repository/org/apiguardian/apiguardian-api/1.1.2/apiguardian-api-1.1.2.jar:/home/codi/.m2/repository/org/junit/jupiter/junit-jupiter-params/5.9.3/junit-jupiter-params-5.9.3.jar:/home/codi/.m2/repository/org/junit/jupiter/junit-jupiter-engine/5.9.3/junit-jupiter-engine-5.9.3.jar:/home/codi/.m2/repository/org/junit/platform/junit-platform-engine/1.9.3/junit-platform-engine-1.9.3.jar:/home/codi/.m2/repository/org/mockito/mockito-core/4.8.1/mockito-core-4.8.1.jar:/home/codi/.m2/repository/net/bytebuddy/byte-buddy-agent/1.12.23/byte-buddy-agent-1.12.23.jar:/home/codi/.m2/repository/org/objenesis/objenesis/3.2/objenesis-3.2.jar:/home/codi/.m2/repository/org/mockito/mockito-junit-jupiter/4.8.1/mockito-junit-jupiter-4.8.1.jar:/home/codi/.m2/repository/org/skyscreamer/jsonassert/1.5.1/jsonassert-1.5.1.jar:/home/codi/.m2/repository/com/vaadin/external/google/android-json/0.0.20131108.vaadin1/android-json-0.0.20131108.vaadin1.jar:/home/codi/.m2/repository/org/springframework/spring-core/6.0.12/spring-core-6.0.12.jar:/home/codi/.m2/repository/org/springframework/spring-jcl/6.0.12/spring-jcl-6.0.12.jar:/home/codi/.m2/repository/org/springframework/spring-test/6.0.12/spring-test-6.0.12.jar:/home/codi/.m2/repository/org/xmlunit/xmlunit-core/2.9.1/xmlunit-core-2.9.1.jar:/home/codi/.m2/repository/io/springfox/springfox-boot-starter/3.0.0/springfox-boot-starter-3.0.0.jar:/home/codi/.m2/repository/io/springfox/springfox-oas/3.0.0/springfox-oas-3.0.0.jar:/home/codi/.m2/repository/io/swagger/core/v3/swagger-annotations/2.1.2/swagger-annotations-2.1.2.jar:/home/codi/.m2/repository/io/swagger/core/v3/swagger-models/2.1.2/swagger-models-2.1.2.jar:/home/codi/.m2/repository/io/springfox/springfox-spi/3.0.0/springfox-spi-3.0.0.jar:/home/codi/.m2/repository/io/springfox/springfox-schema/3.0.0/springfox-schema-3.0.0.jar:/home/codi/.m2/repository/io/springfox/springfox-core/3.0.0/springfox-core-3.0.0.jar:/home/codi/.m2/repository/io/springfox/springfox-spring-web/3.0.0/springfox-spring-web-3.0.0.jar:/home/codi/.m2/repository/io/github/classgraph/classgraph/4.8.83/classgraph-4.8.83.jar:/home/codi/.m2/repository/io/springfox/springfox-spring-webmvc/3.0.0/springfox-spring-webmvc-3.0.0.jar:/home/codi/.m2/repository/io/springfox/springfox-spring-webflux/3.0.0/springfox-spring-webflux-3.0.0.jar:/home/codi/.m2/repository/io/springfox/springfox-swagger-common/3.0.0/springfox-swagger-common-3.0.0.jar:/home/codi/.m2/repository/org/mapstruct/mapstruct/1.3.1.Final/mapstruct-1.3.1.Final.jar:/home/codi/.m2/repository/io/springfox/springfox-data-rest/3.0.0/springfox-data-rest-3.0.0.jar:/home/codi/.m2/repository/io/springfox/springfox-bean-validators/3.0.0/springfox-bean-validators-3.0.0.jar:/home/codi/.m2/repository/io/springfox/springfox-swagger2/3.0.0/springfox-swagger2-3.0.0.jar:/home/codi/.m2/repository/io/swagger/swagger-annotations/1.5.20/swagger-annotations-1.5.20.jar:/home/codi/.m2/repository/io/swagger/swagger-models/1.5.20/swagger-models-1.5.20.jar:/home/codi/.m2/repository/io/springfox/springfox-swagger-ui/3.0.0/springfox-swagger-ui-3.0.0.jar:/home/codi/.m2/repository/com/fasterxml/classmate/1.5.1/classmate-1.5.1.jar:/home/codi/.m2/repository/org/slf4j/slf4j-api/2.0.9/slf4j-api-2.0.9.jar:/home/codi/.m2/repository/org/springframework/plugin/spring-plugin-core/2.0.0.RELEASE/spring-plugin-core-2.0.0.RELEASE.jar:/home/codi/.m2/repository/org/springframework/plugin/spring-plugin-metadata/2.0.0.RELEASE/spring-plugin-metadata-2.0.0.RELEASE.jar:/home/codi/.m2/repository/org/springframework/data/spring-data-jpa/2.7.15/spring-data-jpa-2.7.15.jar:/home/codi/.m2/repository/org/springframework/spring-orm/6.0.12/spring-orm-6.0.12.jar:/home/codi/.m2/repository/org/springframework/spring-jdbc/6.0.12/spring-jdbc-6.0.12.jar:/home/codi/.m2/repository/org/springframework/spring-context/6.0.12/spring-context-6.0.12.jar:/home/codi/.m2/repository/org/springframework/spring-aop/6.0.12/spring-aop-6.0.12.jar:/home/codi/.m2/repository/org/springframework/spring-tx/6.0.12/spring-tx-6.0.12.jar:/home/codi/.m2/repository/org/springframework/spring-beans/6.0.12/spring-beans-6.0.12.jar:/home/codi/.m2/repository/org/springframework/data/spring-data-commons/2.7.15/spring-data-commons-2.7.15.jar:/home/codi/.m2/repository/com/fasterxml/jackson/core/jackson-databind/2.15.2/jackson-databind-2.15.2.jar:/home/codi/.m2/repository/com/fasterxml/jackson/core/jackson-annotations/2.14.3/jackson-annotations-2.14.3.jar:/home/codi/.m2/repository/com/fasterxml/jackson/core/jackson-core/2.14.3/jackson-core-2.14.3.jar:"/>
    <property name="java.vm.vendor" value="Oracle Corporation"/>
    <property name="sun.arch.data.model" value="64"/>
    <property name="java.vendor.url" value="https://java.oracle.com/"/>
    <property name="os.name" value="Linux"/>
    <property name="java.vm.specification.version" value="17"/>
    <property name="sun.java.launcher" value="SUN_STANDARD"/>
    <property name="user.country" value="US"/>
    <property name="sun.boot.library.path" value="/home/codi/Entwicklung/DevTools/jdk-17.0.8/lib"/>
    <property name="sun.java.command" value="/home/codi/Entwicklung/schema-to-pojo-spring-boot-docker/target/surefire/surefirebooter16490204738876986466.jar /home/codi/Entwicklung/schema-to-pojo-spring-boot-docker/target/surefire 2023-10-10T13-06-15_691-jvmRun1 surefire7291574809531397573tmp surefire_03309894911909197322tmp"/>
    <property name="jdk.debug" value="release"/>
    <property name="surefire.test.class.path" value="/home/codi/Entwicklung/schema-to-pojo-spring-boot-docker/target/test-classes:/home/codi/Entwicklung/schema-to-pojo-spring-boot-docker/target/classes:/home/codi/.m2/repository/org/springframework/boot/spring-boot-starter-web/3.0.11/spring-boot-starter-web-3.0.11.jar:/home/codi/.m2/repository/org/springframework/boot/spring-boot-starter/3.0.11/spring-boot-starter-3.0.11.jar:/home/codi/.m2/repository/org/springframework/boot/spring-boot/3.0.11/spring-boot-3.0.11.jar:/home/codi/.m2/repository/org/springframework/boot/spring-boot-autoconfigure/3.0.11/spring-boot-autoconfigure-3.0.11.jar:/home/codi/.m2/repository/org/springframework/boot/spring-boot-starter-logging/3.0.11/spring-boot-starter-logging-3.0.11.jar:/home/codi/.m2/repository/ch/qos/logback/logback-classic/1.4.11/logback-classic-1.4.11.jar:/home/codi/.m2/repository/ch/qos/logback/logback-core/1.4.11/logback-core-1.4.11.jar:/home/codi/.m2/repository/org/apache/logging/log4j/log4j-to-slf4j/2.19.0/log4j-to-slf4j-2.19.0.jar:/home/codi/.m2/repository/org/apache/logging/log4j/log4j-api/2.19.0/log4j-api-2.19.0.jar:/home/codi/.m2/repository/org/slf4j/jul-to-slf4j/2.0.9/jul-to-slf4j-2.0.9.jar:/home/codi/.m2/repository/jakarta/annotation/jakarta.annotation-api/2.1.1/jakarta.annotation-api-2.1.1.jar:/home/codi/.m2/repository/org/yaml/snakeyaml/1.33/snakeyaml-1.33.jar:/home/codi/.m2/repository/org/springframework/boot/spring-boot-starter-json/3.0.11/spring-boot-starter-json-3.0.11.jar:/home/codi/.m2/repository/com/fasterxml/jackson/datatype/jackson-datatype-jdk8/2.14.3/jackson-datatype-jdk8-2.14.3.jar:/home/codi/.m2/repository/com/fasterxml/jackson/datatype/jackson-datatype-jsr310/2.14.3/jackson-datatype-jsr310-2.14.3.jar:/home/codi/.m2/repository/com/fasterxml/jackson/module/jackson-module-parameter-names/2.14.3/jackson-module-parameter-names-2.14.3.jar:/home/codi/.m2/repository/org/springframework/boot/spring-boot-starter-tomcat/3.0.11/spring-boot-starter-tomcat-3.0.11.jar:/home/codi/.m2/repository/org/apache/tomcat/embed/tomcat-embed-core/10.1.13/tomcat-embed-core-10.1.13.jar:/home/codi/.m2/repository/org/apache/tomcat/embed/tomcat-embed-el/10.1.13/tomcat-embed-el-10.1.13.jar:/home/codi/.m2/repository/org/apache/tomcat/embed/tomcat-embed-websocket/10.1.13/tomcat-embed-websocket-10.1.13.jar:/home/codi/.m2/repository/org/springframework/spring-web/6.0.12/spring-web-6.0.12.jar:/home/codi/.m2/repository/io/micrometer/micrometer-observation/1.10.11/micrometer-observation-1.10.11.jar:/home/codi/.m2/repository/io/micrometer/micrometer-commons/1.10.11/micrometer-commons-1.10.11.jar:/home/codi/.m2/repository/org/springframework/spring-webmvc/6.0.12/spring-webmvc-6.0.12.jar:/home/codi/.m2/repository/org/springframework/spring-expression/6.0.12/spring-expression-6.0.12.jar:/home/codi/.m2/repository/org/springframework/boot/spring-boot-starter-test/3.0.11/spring-boot-starter-test-3.0.11.jar:/home/codi/.m2/repository/org/springframework/boot/spring-boot-test/3.0.11/spring-boot-test-3.0.11.jar:/home/codi/.m2/repository/org/springframework/boot/spring-boot-test-autoconfigure/3.0.11/spring-boot-test-autoconfigure-3.0.11.jar:/home/codi/.m2/repository/com/jayway/jsonpath/json-path/2.7.0/json-path-2.7.0.jar:/home/codi/.m2/repository/net/minidev/json-smart/2.4.11/json-smart-2.4.11.jar:/home/codi/.m2/repository/net/minidev/accessors-smart/2.4.11/accessors-smart-2.4.11.jar:/home/codi/.m2/repository/org/ow2/asm/asm/9.3/asm-9.3.jar:/home/codi/.m2/repository/jakarta/xml/bind/jakarta.xml.bind-api/4.0.1/jakarta.xml.bind-api-4.0.1.jar:/home/codi/.m2/repository/jakarta/activation/jakarta.activation-api/2.1.2/jakarta.activation-api-2.1.2.jar:/home/codi/.m2/repository/org/assertj/assertj-core/3.23.1/assertj-core-3.23.1.jar:/home/codi/.m2/repository/net/bytebuddy/byte-buddy/1.12.23/byte-buddy-1.12.23.jar:/home/codi/.m2/repository/org/hamcrest/hamcrest/2.2/hamcrest-2.2.jar:/home/codi/.m2/repository/org/junit/jupiter/junit-jupiter/5.9.3/junit-jupiter-5.9.3.jar:/home/codi/.m2/repository/org/junit/jupiter/junit-jupiter-api/5.9.3/junit-jupiter-api-5.9.3.jar:/home/codi/.m2/repository/org/opentest4j/opentest4j/1.2.0/opentest4j-1.2.0.jar:/home/codi/.m2/repository/org/junit/platform/junit-platform-commons/1.9.3/junit-platform-commons-1.9.3.jar:/home/codi/.m2/repository/org/apiguardian/apiguardian-api/1.1.2/apiguardian-api-1.1.2.jar:/home/codi/.m2/repository/org/junit/jupiter/junit-jupiter-params/5.9.3/junit-jupiter-params-5.9.3.jar:/home/codi/.m2/repository/org/junit/jupiter/junit-jupiter-engine/5.9.3/junit-jupiter-engine-5.9.3.jar:/home/codi/.m2/repository/org/junit/platform/junit-platform-engine/1.9.3/junit-platform-engine-1.9.3.jar:/home/codi/.m2/repository/org/mockito/mockito-core/4.8.1/mockito-core-4.8.1.jar:/home/codi/.m2/repository/net/bytebuddy/byte-buddy-agent/1.12.23/byte-buddy-agent-1.12.23.jar:/home/codi/.m2/repository/org/objenesis/objenesis/3.2/objenesis-3.2.jar:/home/codi/.m2/repository/org/mockito/mockito-junit-jupiter/4.8.1/mockito-junit-jupiter-4.8.1.jar:/home/codi/.m2/repository/org/skyscreamer/jsonassert/1.5.1/jsonassert-1.5.1.jar:/home/codi/.m2/repository/com/vaadin/external/google/android-json/0.0.20131108.vaadin1/android-json-0.0.20131108.vaadin1.jar:/home/codi/.m2/repository/org/springframework/spring-core/6.0.12/spring-core-6.0.12.jar:/home/codi/.m2/repository/org/springframework/spring-jcl/6.0.12/spring-jcl-6.0.12.jar:/home/codi/.m2/repository/org/springframework/spring-test/6.0.12/spring-test-6.0.12.jar:/home/codi/.m2/repository/org/xmlunit/xmlunit-core/2.9.1/xmlunit-core-2.9.1.jar:/home/codi/.m2/repository/io/springfox/springfox-boot-starter/3.0.0/springfox-boot-starter-3.0.0.jar:/home/codi/.m2/repository/io/springfox/springfox-oas/3.0.0/springfox-oas-3.0.0.jar:/home/codi/.m2/repository/io/swagger/core/v3/swagger-annotations/2.1.2/swagger-annotations-2.1.2.jar:/home/codi/.m2/repository/io/swagger/core/v3/swagger-models/2.1.2/swagger-models-2.1.2.jar:/home/codi/.m2/repository/io/springfox/springfox-spi/3.0.0/springfox-spi-3.0.0.jar:/home/codi/.m2/repository/io/springfox/springfox-schema/3.0.0/springfox-schema-3.0.0.jar:/home/codi/.m2/repository/io/springfox/springfox-core/3.0.0/springfox-core-3.0.0.jar:/home/codi/.m2/repository/io/springfox/springfox-spring-web/3.0.0/springfox-spring-web-3.0.0.jar:/home/codi/.m2/repository/io/github/classgraph/classgraph/4.8.83/classgraph-4.8.83.jar:/home/codi/.m2/repository/io/springfox/springfox-spring-webmvc/3.0.0/springfox-spring-webmvc-3.0.0.jar:/home/codi/.m2/repository/io/springfox/springfox-spring-webflux/3.0.0/springfox-spring-webflux-3.0.0.jar:/home/codi/.m2/repository/io/springfox/springfox-swagger-common/3.0.0/springfox-swagger-common-3.0.0.jar:/home/codi/.m2/repository/org/mapstruct/mapstruct/1.3.1.Final/mapstruct-1.3.1.Final.jar:/home/codi/.m2/repository/io/springfox/springfox-data-rest/3.0.0/springfox-data-rest-3.0.0.jar:/home/codi/.m2/repository/io/springfox/springfox-bean-validators/3.0.0/springfox-bean-validators-3.0.0.jar:/home/codi/.m2/repository/io/springfox/springfox-swagger2/3.0.0/springfox-swagger2-3.0.0.jar:/home/codi/.m2/repository/io/swagger/swagger-annotations/1.5.20/swagger-annotations-1.5.20.jar:/home/codi/.m2/repository/io/swagger/swagger-models/1.5.20/swagger-models-1.5.20.jar:/home/codi/.m2/repository/io/springfox/springfox-swagger-ui/3.0.0/springfox-swagger-ui-3.0.0.jar:/home/codi/.m2/repository/com/fasterxml/classmate/1.5.1/classmate-1.5.1.jar:/home/codi/.m2/repository/org/slf4j/slf4j-api/2.0.9/slf4j-api-2.0.9.jar:/home/codi/.m2/repository/org/springframework/plugin/spring-plugin-core/2.0.0.RELEASE/spring-plugin-core-2.0.0.RELEASE.jar:/home/codi/.m2/repository/org/springframework/plugin/spring-plugin-metadata/2.0.0.RELEASE/spring-plugin-metadata-2.0.0.RELEASE.jar:/home/codi/.m2/repository/org/springframework/data/spring-data-jpa/2.7.15/spring-data-jpa-2.7.15.jar:/home/codi/.m2/repository/org/springframework/spring-orm/6.0.12/spring-orm-6.0.12.jar:/home/codi/.m2/repository/org/springframework/spring-jdbc/6.0.12/spring-jdbc-6.0.12.jar:/home/codi/.m2/repository/org/springframework/spring-context/6.0.12/spring-context-6.0.12.jar:/home/codi/.m2/repository/org/springframework/spring-aop/6.0.12/spring-aop-6.0.12.jar:/home/codi/.m2/repository/org/springframework/spring-tx/6.0.12/spring-tx-6.0.12.jar:/home/codi/.m2/repository/org/springframework/spring-beans/6.0.12/spring-beans-6.0.12.jar:/home/codi/.m2/repository/org/springframework/data/spring-data-commons/2.7.15/spring-data-commons-2.7.15.jar:/home/codi/.m2/repository/com/fasterxml/jackson/core/jackson-databind/2.15.2/jackson-databind-2.15.2.jar:/home/codi/.m2/repository/com/fasterxml/jackson/core/jackson-annotations/2.14.3/jackson-annotations-2.14.3.jar:/home/codi/.m2/repository/com/fasterxml/jackson/core/jackson-core/2.14.3/jackson-core-2.14.3.jar:"/>
    <property name="sun.cpu.endian" value="little"/>
    <property name="user.home" value="/home/codi"/>
    <property name="user.language" value="en"/>
    <property name="java.specification.vendor" value="Oracle Corporation"/>
    <property name="java.version.date" value="2023-07-18"/>
    <property name="java.home" value="/home/codi/Entwicklung/DevTools/jdk-17.0.8"/>
    <property name="file.separator" value="/"/>
    <property name="basedir" value="/home/codi/Entwicklung/schema-to-pojo-spring-boot-docker"/>
    <property name="java.vm.compressedOopsMode" value="Zero based"/>
    <property name="line.separator" value="&#10;"/>
    <property name="java.vm.specification.vendor" value="Oracle Corporation"/>
    <property name="java.specification.name" value="Java Platform API Specification"/>
    <property name="surefire.real.class.path" value="/home/codi/Entwicklung/schema-to-pojo-spring-boot-docker/target/surefire/surefirebooter16490204738876986466.jar"/>
    <property name="sun.management.compiler" value="HotSpot 64-Bit Tiered Compilers"/>
    <property name="java.runtime.version" value="17.0.8+9-LTS-211"/>
    <property name="user.name" value="codi"/>
    <property name="path.separator" value=":"/>
    <property name="os.version" value="6.2.0-34-generic"/>
    <property name="java.runtime.name" value="Java(TM) SE Runtime Environment"/>
    <property name="file.encoding" value="UTF-8"/>
    <property name="java.vm.name" value="Java HotSpot(TM) 64-Bit Server VM"/>
    <property name="localRepository" value="/home/codi/.m2/repository"/>
    <property name="java.vendor.url.bug" value="https://bugreport.java.com/bugreport/"/>
    <property name="java.io.tmpdir" value="/tmp"/>
    <property name="java.version" value="17.0.8"/>
    <property name="user.dir" value="/home/codi/Entwicklung/schema-to-pojo-spring-boot-docker"/>
    <property name="os.arch" value="amd64"/>
    <property name="java.vm.specification.name" value="Java Virtual Machine Specification"/>
    <property name="native.encoding" value="UTF-8"/>
    <property name="java.library.path" value="/usr/java/packages/lib:/usr/lib64:/lib64:/lib:/usr/lib"/>
    <property name="java.vm.info" value="mixed mode, sharing"/>
    <property name="java.vendor" value="Oracle Corporation"/>
    <property name="java.vm.version" value="17.0.8+9-LTS-211"/>
    <property name="sun.io.unicode.encoding" value="UnicodeLittle"/>
    <property name="java.class.version" value="61.0"/>
  </properties>
  <testcase name="contextLoads" classname="com.devguy.shematoclassdefintion.ShemaToClassdefintionApplicationTests" time="0.291"/>
</testsuite>